<?xml version="1.0" encoding="UTF-8"?>
<!-- Generated by org.testng.reporters.JUnitXMLReporter -->
<testsuite hostname="LENOVO-PC" ignored="2" name="TestRunner-1" tests="2" failures="0" timestamp="2021-04-20T14:10:37 IST" time="0.156" errors="0">
  <testcase name="@BeforeClass configBeforeClassCompatability" time="-1.618908037053E9" classname="com.vtiger.com.generics.BaseClass">
    <failure type="org.testng.TestNGException" message="
Parameter &amp;apos;BROWSER&amp;apos; is required by BeforeClass on method configBeforeClassCompatability but has not been marked @Optional or defined
in F:\Selenium_Eclipse_Photon\SeleEclipsePhotonSeleniumFrameworks\Workspace1\SDET_MavenProject_TYSS\testng_Distributed_Parallel.xml">
      <![CDATA[org.testng.TestNGException: 
Parameter 'BROWSER' is required by BeforeClass on method configBeforeClassCompatability but has not been marked @Optional or defined
in F:\Selenium_Eclipse_Photon\SeleEclipsePhotonSeleniumFrameworks\Workspace1\SDET_MavenProject_TYSS\testng_Distributed_Parallel.xml
at java.util.ArrayList.forEach(Unknown Source)
at java.util.concurrent.FutureTask.run(Unknown Source)
at java.util.concurrent.ThreadPoolExecutor.runWorker(Unknown Source)
at java.util.concurrent.ThreadPoolExecutor$Worker.run(Unknown Source)
at java.lang.Thread.run(Unknown Source)
... Removed 13 stack frames]]>
    </failure>
  </testcase> <!-- @BeforeClass configBeforeClassCompatability -->
  <testcase name="@BeforeClass launchBrowser" time="-1.618908037053E9" classname="com.vtiger.com.generics.BaseClass">
    <skipped/>
  </testcase> <!-- @BeforeClass launchBrowser -->
  <testcase name="@BeforeMethod logintoapp" time="-1.618908037053E9" classname="com.vtiger.com.generics.BaseClass">
    <skipped/>
  </testcase> <!-- @BeforeMethod logintoapp -->
  <testcase name="@BeforeClass configBeforeClassCompatability" time="-1.61890803699E9" classname="com.vtiger.com.generics.BaseClass">
    <failure type="org.testng.TestNGException" message="
Parameter &amp;apos;BROWSER&amp;apos; is required by BeforeClass on method configBeforeClassCompatability but has not been marked @Optional or defined
in F:\Selenium_Eclipse_Photon\SeleEclipsePhotonSeleniumFrameworks\Workspace1\SDET_MavenProject_TYSS\testng_Distributed_Parallel.xml">
      <![CDATA[org.testng.TestNGException: 
Parameter 'BROWSER' is required by BeforeClass on method configBeforeClassCompatability but has not been marked @Optional or defined
in F:\Selenium_Eclipse_Photon\SeleEclipsePhotonSeleniumFrameworks\Workspace1\SDET_MavenProject_TYSS\testng_Distributed_Parallel.xml
at java.util.ArrayList.forEach(Unknown Source)
at java.util.concurrent.FutureTask.run(Unknown Source)
at java.util.concurrent.ThreadPoolExecutor.runWorker(Unknown Source)
at java.util.concurrent.ThreadPoolExecutor$Worker.run(Unknown Source)
at java.lang.Thread.run(Unknown Source)
... Removed 13 stack frames]]>
    </failure>
  </testcase> <!-- @BeforeClass configBeforeClassCompatability -->
  <testcase name="@BeforeClass launchBrowser" time="-1.618908037053E9" classname="com.vtiger.com.generics.BaseClass">
    <skipped/>
  </testcase> <!-- @BeforeClass launchBrowser -->
  <testcase name="@BeforeMethod logintoapp" time="-1.618908037068E9" classname="com.vtiger.com.generics.BaseClass">
    <skipped/>
  </testcase> <!-- @BeforeMethod logintoapp -->
  <testcase name="@AfterMethod logoutfromApp" time="-1.618908037068E9" classname="com.vtiger.com.generics.BaseClass">
    <skipped/>
  </testcase> <!-- @AfterMethod logoutfromApp -->
  <testcase name="@AfterClass closeBrowser" time="-1.618908037084E9" classname="com.vtiger.com.generics.BaseClass">
    <skipped/>
  </testcase> <!-- @AfterClass closeBrowser -->
  <testcase name="@AfterMethod logoutfromApp" time="-1.6189080371E9" classname="com.vtiger.com.generics.BaseClass">
    <skipped/>
  </testcase> <!-- @AfterMethod logoutfromApp -->
  <testcase name="@AfterClass closeBrowser" time="-1.6189080371E9" classname="com.vtiger.com.generics.BaseClass">
    <skipped/>
  </testcase> <!-- @AfterClass closeBrowser -->
  <testcase name="@BeforeClass configBeforeClassCompatability" time="-1.6189080371E9" classname="com.vtiger.com.generics.BaseClass">
    <failure type="org.testng.TestNGException" message="
Parameter &amp;apos;BROWSER&amp;apos; is required by BeforeClass on method configBeforeClassCompatability but has not been marked @Optional or defined
in F:\Selenium_Eclipse_Photon\SeleEclipsePhotonSeleniumFrameworks\Workspace1\SDET_MavenProject_TYSS\testng_Distributed_Parallel.xml">
      <![CDATA[org.testng.TestNGException: 
Parameter 'BROWSER' is required by BeforeClass on method configBeforeClassCompatability but has not been marked @Optional or defined
in F:\Selenium_Eclipse_Photon\SeleEclipsePhotonSeleniumFrameworks\Workspace1\SDET_MavenProject_TYSS\testng_Distributed_Parallel.xml
at java.util.ArrayList.forEach(Unknown Source)
at java.util.concurrent.FutureTask.run(Unknown Source)
at java.util.concurrent.ThreadPoolExecutor.runWorker(Unknown Source)
at java.util.concurrent.ThreadPoolExecutor$Worker.run(Unknown Source)
at java.lang.Thread.run(Unknown Source)
... Removed 13 stack frames]]>
    </failure>
  </testcase> <!-- @BeforeClass configBeforeClassCompatability -->
  <testcase name="@BeforeClass launchBrowser" time="-1.6189080371E9" classname="com.vtiger.com.generics.BaseClass">
    <skipped/>
  </testcase> <!-- @BeforeClass launchBrowser -->
  <testcase name="@BeforeMethod logintoapp" time="-1.618908037115E9" classname="com.vtiger.com.generics.BaseClass">
    <skipped/>
  </testcase> <!-- @BeforeMethod logintoapp -->
  <testcase name="@AfterMethod logoutfromApp" time="-1.618908037131E9" classname="com.vtiger.com.generics.BaseClass">
    <skipped/>
  </testcase> <!-- @AfterMethod logoutfromApp -->
  <testcase name="@AfterClass closeBrowser" time="-1.618908037131E9" classname="com.vtiger.com.generics.BaseClass">
    <skipped/>
  </testcase> <!-- @AfterClass closeBrowser -->
  <testcase name="createOrg" time="0.0" classname="com.vtiger.testcases.LatestOneCreateOrg">
    <skipped/>
  </testcase> <!-- createOrg -->
  <testcase name="createcontact" time="0.0" classname="com.vtiger.testcases.LatestOneCreateContact">
    <skipped/>
  </testcase> <!-- createcontact -->
  <testcase name="@AfterSuite afterSuite" time="0.0" classname="com.vtiger.com.generics.BaseClass">
    <ignored/>
  </testcase> <!-- @AfterSuite afterSuite -->
  <testcase name="@BeforeSuite beforesuite" time="0.0" classname="com.vtiger.com.generics.BaseClass">
    <ignored/>
  </testcase> <!-- @BeforeSuite beforesuite -->
</testsuite> <!-- TestRunner-1 -->
