<?xml version="1.0" encoding="UTF-8"?>
<!-- Generated by org.testng.reporters.JUnitReportReporter -->
<testsuite skipped="1" hostname="LENOVO-PC" name="com.vtiger.testcases.LatestOneCreateContact" tests="2" failures="0" timestamp="2021-04-20T14:10:37 IST" time="-1618908032.000" errors="1">
  <testcase name="configBeforeClassCompatability" time="-1618908032.000" classname="com.vtiger.testcases.LatestOneCreateContact">
    <error type="org.testng.TestNGException" message="
Parameter &#039;BROWSER&#039; is required by BeforeClass on method configBeforeClassCompatability but has not been marked @Optional or defined
in F:\Selenium_Eclipse_Photon\SeleEclipsePhotonSeleniumFrameworks\Workspace1\SDET_MavenProject_TYSS\testng_Distributed_Parallel.xml">
      <![CDATA[org.testng.TestNGException: 
Parameter 'BROWSER' is required by BeforeClass on method configBeforeClassCompatability but has not been marked @Optional or defined
in F:\Selenium_Eclipse_Photon\SeleEclipsePhotonSeleniumFrameworks\Workspace1\SDET_MavenProject_TYSS\testng_Distributed_Parallel.xml
at org.testng.internal.Parameters.createParams(Parameters.java:268)
at org.testng.internal.Parameters.createParametersForMethod(Parameters.java:356)
at org.testng.internal.Parameters.createParameters(Parameters.java:700)
at org.testng.internal.Parameters.createConfigurationParameters(Parameters.java:166)
at org.testng.internal.ConfigInvoker.invokeConfigurations(ConfigInvoker.java:301)
at org.testng.internal.TestMethodWorker.invokeBeforeClassMethods(TestMethodWorker.java:176)
at org.testng.internal.TestMethodWorker.run(TestMethodWorker.java:122)
at java.util.ArrayList.forEach(Unknown Source)
at org.testng.TestRunner.privateRun(TestRunner.java:764)
at org.testng.TestRunner.run(TestRunner.java:585)
at org.testng.SuiteRunner.runTest(SuiteRunner.java:384)
at org.testng.SuiteRunner.access$000(SuiteRunner.java:28)
at org.testng.SuiteRunner$SuiteWorker.run(SuiteRunner.java:425)
at org.testng.internal.thread.ThreadUtil.lambda$execute$0(ThreadUtil.java:66)
at java.util.concurrent.FutureTask.run(Unknown Source)
at java.util.concurrent.ThreadPoolExecutor.runWorker(Unknown Source)
at java.util.concurrent.ThreadPoolExecutor$Worker.run(Unknown Source)
at java.lang.Thread.run(Unknown Source)
]]>
    </error>
  </testcase> <!-- configBeforeClassCompatability -->
  <system-out/>
  <testcase name="createcontact" time="0.000" classname="com.vtiger.testcases.LatestOneCreateContact">
    <skipped/>
  </testcase> <!-- createcontact -->
  <system-out/>
</testsuite> <!-- com.vtiger.testcases.LatestOneCreateContact -->
